<?xml version="1.0" encoding="UTF-8"?>
<!-- Generated by org.testng.reporters.JUnitReportReporter -->
<testsuite hostname="DESKTOP-PNMLHG2" name="com.wanmich.rest_assured_test.RestAssuredTest" tests="5" failures="0" timestamp="20 Aug 2016 13:26:36 GMT" time="13.570" errors="0">
  <testcase name="testPost" time="0.846" classname="com.wanmich.rest_assured_test.RestAssuredTest"/>
  <testcase name="testGet" time="6.864" classname="com.wanmich.rest_assured_test.RestAssuredTest"/>
  <testcase name="testPost" time="1.171" classname="com.wanmich.rest_assured_test.RestAssuredTest"/>
  <testcase name="testPost" time="1.893" classname="com.wanmich.rest_assured_test.RestAssuredTest"/>
  <testcase name="testJsonScheme" time="2.796" classname="com.wanmich.rest_assured_test.RestAssuredTest"/>
</testsuite> <!-- com.wanmich.rest_assured_test.RestAssuredTest -->
