<?xml version="1.0" encoding="UTF-8"?>
<!-- Generated by org.testng.reporters.JUnitReportReporter -->
<testsuite hostname="DESKTOP-27LJ230" name="com.wanmich.apppiumtest.TestParallel" tests="3" failures="0" timestamp="12 Aug 2016 14:00:52 GMT" time="7.868" errors="0">
  <testcase name="testNextButton" time="2.173" classname="com.wanmich.apppiumtest.TestParallel"/>
  <testcase name="testNextButton" time="3.378" classname="com.wanmich.apppiumtest.TestParallel"/>
  <testcase name="testNextButton" time="2.317" classname="com.wanmich.apppiumtest.TestParallel"/>
</testsuite> <!-- com.wanmich.apppiumtest.TestParallel -->
